<?xml version="1.0" encoding="UTF-8"?>
<testng-results skipped="0" failed="0" ignored="0" total="1" passed="1">
  <reporter-output>
  </reporter-output>
  <suite name="Default suite" duration-ms="22888" started-at="2020-03-30T04:19:11Z" finished-at="2020-03-30T04:19:34Z">
    <groups>
    </groups>
    <test name="Default test" duration-ms="22888" started-at="2020-03-30T04:19:11Z" finished-at="2020-03-30T04:19:34Z">
      <class name="com.facebook.testcases.SampleTestCase">
        <test-method status="PASS" signature="setUp()[pri:0, instance:com.facebook.testcases.SampleTestCase@37e547da]" name="setUp" is-config="true" duration-ms="17661" started-at="2020-03-30T09:49:11Z" finished-at="2020-03-30T09:49:29Z">
          <reporter-output>
          </reporter-output>
        </test-method> <!-- setUp -->
        <test-method status="PASS" signature="createAnAccount()[pri:0, instance:com.facebook.testcases.SampleTestCase@37e547da]" name="createAnAccount" duration-ms="5179" started-at="2020-03-30T09:49:29Z" finished-at="2020-03-30T09:49:34Z">
          <reporter-output>
          </reporter-output>
        </test-method> <!-- createAnAccount -->
      </class> <!-- com.facebook.testcases.SampleTestCase -->
    </test> <!-- Default test -->
  </suite> <!-- Default suite -->
</testng-results>
